[debug] [2020-11-14T21:13:57.650Z] ----------------------------------------------------------------------
[debug] [2020-11-14T21:13:57.652Z] Command:       C:\Program Files\nodejs\node.exe C:\Users\yamri\AppData\Roaming\npm\node_modules\firebase-tools\lib\bin\firebase.js init
[debug] [2020-11-14T21:13:57.653Z] CLI Version:   8.16.2
[debug] [2020-11-14T21:13:57.653Z] Platform:      win32
[debug] [2020-11-14T21:13:57.653Z] Node Version:  v12.18.4
[debug] [2020-11-14T21:13:57.654Z] Time:          Sat Nov 14 2020 22:13:57 GMT+0100 (GMT+01:00)
[debug] [2020-11-14T21:13:57.654Z] ----------------------------------------------------------------------
[debug] [2020-11-14T21:13:57.654Z] 
[debug] [2020-11-14T21:13:57.661Z] > command requires scopes: ["email","openid","https://www.googleapis.com/auth/cloudplatformprojects.readonly","https://www.googleapis.com/auth/firebase","https://www.googleapis.com/auth/cloud-platform"]
[debug] [2020-11-14T21:13:57.661Z] > authorizing via signed-in user
[info] 
     ######## #### ########  ######## ########     ###     ######  ########
     ##        ##  ##     ## ##       ##     ##  ##   ##  ##       ##
     ######    ##  ########  ######   ########  #########  ######  ######
     ##        ##  ##    ##  ##       ##     ## ##     ##       ## ##
     ##       #### ##     ## ######## ########  ##     ##  ######  ########

You're about to initialize a Firebase project in this directory:

  C:\Users\yamri\Downloads\nice-angular-lite-master\angular-10

[info] 
=== Project Setup
[info] 
[info] First, let's associate this project directory with a Firebase project.
[info] You can create multiple project aliases by running firebase use --add, 
[info] but for now we'll just set up a default project.
[info] 
